<?xml version="1.0" encoding="UTF-8"?>
<!-- Generated by org.testng.reporters.JUnitReportReporter -->
<testsuite hostname="BIMWize3" failures="0" tests="2" name="test.Logintest" time="4.843" errors="0" timestamp="29 Jun 2022 03:00:32 GMT" skipped="0">
  <testcase classname="test.Logintest" name="NewUserloginTest" time="2.228"/>
  <testcase classname="test.Logintest" name="NewUserloginTest" time="2.615"/>
</testsuite> <!-- test.Logintest -->
